2018-06-05 14:54:23,280 - Log4JLogChute initialized using file 'velocity.log'
2018-06-05 14:54:23,281 - Initializing Velocity, Calling init()...
2018-06-05 14:54:23,281 - Starting Apache Velocity v1.7 (compiled: 2010-11-19 12:14:37)
2018-06-05 14:54:23,281 - Default Properties File: org\apache\velocity\runtime\defaults\velocity.properties
2018-06-05 14:54:23,281 - Trying to use logger class org.apache.velocity.runtime.log.AvalonLogChute
2018-06-05 14:54:23,281 - Target log system for org.apache.velocity.runtime.log.AvalonLogChute is not available (java.lang.NoClassDefFoundError: org/apache/log/Priority).  Falling back to next log system...
2018-06-05 14:54:23,281 - Trying to use logger class org.apache.velocity.runtime.log.Log4JLogChute
2018-06-05 14:54:23,281 - Using logger class org.apache.velocity.runtime.log.Log4JLogChute
2018-06-05 14:54:23,284 - ResourceLoader instantiated: org.apache.velocity.runtime.resource.loader.ClasspathResourceLoader
2018-06-05 14:54:23,296 - ResourceCache: initialized (class org.apache.velocity.runtime.resource.ResourceCacheImpl) with class java.util.Collections$SynchronizedMap cache map.
2018-06-05 14:54:23,297 - Loaded System Directive: org.apache.velocity.runtime.directive.Stop
2018-06-05 14:54:23,298 - Loaded System Directive: org.apache.velocity.runtime.directive.Define
2018-06-05 14:54:23,299 - Loaded System Directive: org.apache.velocity.runtime.directive.Break
2018-06-05 14:54:23,300 - Loaded System Directive: org.apache.velocity.runtime.directive.Evaluate
2018-06-05 14:54:23,300 - Loaded System Directive: org.apache.velocity.runtime.directive.Literal
2018-06-05 14:54:23,301 - Loaded System Directive: org.apache.velocity.runtime.directive.Macro
2018-06-05 14:54:23,301 - Loaded System Directive: org.apache.velocity.runtime.directive.Parse
2018-06-05 14:54:23,302 - Loaded System Directive: org.apache.velocity.runtime.directive.Include
2018-06-05 14:54:23,302 - Loaded System Directive: org.apache.velocity.runtime.directive.Foreach
2018-06-05 14:54:23,312 - Created '20' parsers.
2018-06-05 14:54:23,314 - Velocimacro : "velocimacro.library" is not set.  Trying default library: VM_global_library.vm
2018-06-05 14:54:23,316 - Could not load resource 'VM_global_library.vm' from ResourceLoader org.apache.velocity.runtime.resource.loader.ClasspathResourceLoader: ClasspathResourceLoader Error: cannot find resource VM_global_library.vm
2018-06-05 14:54:23,316 - Velocimacro : Default library not found.
2018-06-05 14:54:23,316 - Velocimacro : allowInline = true : VMs can be defined inline in templates
2018-06-05 14:54:23,316 - Velocimacro : allowInlineToOverride = false : VMs defined inline may NOT replace previous VM definitions
2018-06-05 14:54:23,316 - Velocimacro : allowInlineLocal = false : VMs defined inline will be global in scope if allowed.
2018-06-05 14:54:23,316 - Velocimacro : autoload off : VM system will not automatically reload global library macros
2018-06-05 14:54:23,359 - ResourceManager : found /templates/entity.java.vm with loader org.apache.velocity.runtime.resource.loader.ClasspathResourceLoader
2018-06-05 14:54:23,367 - Left side (${versionFieldName}) of '==' operation has null value. If it is a reference, it may not be in the context or its toString() returned null. /templates/entity.java.vm[line 76, column 26]
2018-06-05 14:54:23,367 - Left side (${logicDeleteFieldName}) of '==' operation has null value. If it is a reference, it may not be in the context or its toString() returned null. /templates/entity.java.vm[line 80, column 30]
2018-06-05 14:54:23,367 - Left side (${versionFieldName}) of '==' operation has null value. If it is a reference, it may not be in the context or its toString() returned null. /templates/entity.java.vm[line 76, column 26]
2018-06-05 14:54:23,367 - Left side (${logicDeleteFieldName}) of '==' operation has null value. If it is a reference, it may not be in the context or its toString() returned null. /templates/entity.java.vm[line 80, column 30]
2018-06-05 14:54:23,367 - Left side (${versionFieldName}) of '==' operation has null value. If it is a reference, it may not be in the context or its toString() returned null. /templates/entity.java.vm[line 76, column 26]
2018-06-05 14:54:23,367 - Left side (${logicDeleteFieldName}) of '==' operation has null value. If it is a reference, it may not be in the context or its toString() returned null. /templates/entity.java.vm[line 80, column 30]
2018-06-05 14:54:23,377 - ResourceManager : found /templates/mapper.java.vm with loader org.apache.velocity.runtime.resource.loader.ClasspathResourceLoader
2018-06-05 14:54:23,384 - ResourceManager : found /templates/mapper.xml.vm with loader org.apache.velocity.runtime.resource.loader.ClasspathResourceLoader
2018-06-05 14:54:23,406 - ResourceManager : found /templates/service.java.vm with loader org.apache.velocity.runtime.resource.loader.ClasspathResourceLoader
2018-06-05 14:54:23,412 - ResourceManager : found /templates/serviceImpl.java.vm with loader org.apache.velocity.runtime.resource.loader.ClasspathResourceLoader
2018-06-05 14:54:23,418 - ResourceManager : found /templates/controller.java.vm with loader org.apache.velocity.runtime.resource.loader.ClasspathResourceLoader
2018-06-05 14:55:19,530 - Log4JLogChute initialized using file 'velocity.log'
2018-06-05 14:55:19,530 - Log4JLogChute initialized using file 'velocity.log'
2018-06-05 14:55:19,531 - Initializing Velocity, Calling init()...
2018-06-05 14:55:19,531 - Initializing Velocity, Calling init()...
2018-06-05 14:55:19,531 - Starting Apache Velocity v1.7 (compiled: 2010-11-19 12:14:37)
2018-06-05 14:55:19,531 - Starting Apache Velocity v1.7 (compiled: 2010-11-19 12:14:37)
2018-06-05 14:55:19,531 - Default Properties File: org\apache\velocity\runtime\defaults\velocity.properties
2018-06-05 14:55:19,531 - Default Properties File: org\apache\velocity\runtime\defaults\velocity.properties
2018-06-05 14:55:19,531 - Trying to use logger class org.apache.velocity.runtime.log.AvalonLogChute
2018-06-05 14:55:19,531 - Trying to use logger class org.apache.velocity.runtime.log.AvalonLogChute
2018-06-05 14:55:19,531 - Target log system for org.apache.velocity.runtime.log.AvalonLogChute is not available (java.lang.NoClassDefFoundError: Could not initialize class org.apache.velocity.runtime.log.AvalonLogChute).  Falling back to next log system...
2018-06-05 14:55:19,531 - Target log system for org.apache.velocity.runtime.log.AvalonLogChute is not available (java.lang.NoClassDefFoundError: Could not initialize class org.apache.velocity.runtime.log.AvalonLogChute).  Falling back to next log system...
2018-06-05 14:55:19,531 - Trying to use logger class org.apache.velocity.runtime.log.Log4JLogChute
2018-06-05 14:55:19,531 - Trying to use logger class org.apache.velocity.runtime.log.Log4JLogChute
2018-06-05 14:55:19,531 - Using logger class org.apache.velocity.runtime.log.Log4JLogChute
2018-06-05 14:55:19,531 - Using logger class org.apache.velocity.runtime.log.Log4JLogChute
2018-06-05 14:55:19,531 - ResourceLoader instantiated: org.apache.velocity.runtime.resource.loader.ClasspathResourceLoader
2018-06-05 14:55:19,531 - ResourceLoader instantiated: org.apache.velocity.runtime.resource.loader.ClasspathResourceLoader
2018-06-05 14:55:19,531 - ResourceCache: initialized (class org.apache.velocity.runtime.resource.ResourceCacheImpl) with class java.util.Collections$SynchronizedMap cache map.
2018-06-05 14:55:19,531 - ResourceCache: initialized (class org.apache.velocity.runtime.resource.ResourceCacheImpl) with class java.util.Collections$SynchronizedMap cache map.
2018-06-05 14:55:19,531 - Loaded System Directive: org.apache.velocity.runtime.directive.Stop
2018-06-05 14:55:19,531 - Loaded System Directive: org.apache.velocity.runtime.directive.Stop
2018-06-05 14:55:19,531 - Loaded System Directive: org.apache.velocity.runtime.directive.Define
2018-06-05 14:55:19,531 - Loaded System Directive: org.apache.velocity.runtime.directive.Define
2018-06-05 14:55:19,531 - Loaded System Directive: org.apache.velocity.runtime.directive.Break
2018-06-05 14:55:19,531 - Loaded System Directive: org.apache.velocity.runtime.directive.Break
2018-06-05 14:55:19,531 - Loaded System Directive: org.apache.velocity.runtime.directive.Evaluate
2018-06-05 14:55:19,531 - Loaded System Directive: org.apache.velocity.runtime.directive.Evaluate
2018-06-05 14:55:19,531 - Loaded System Directive: org.apache.velocity.runtime.directive.Literal
2018-06-05 14:55:19,531 - Loaded System Directive: org.apache.velocity.runtime.directive.Literal
2018-06-05 14:55:19,531 - Loaded System Directive: org.apache.velocity.runtime.directive.Macro
2018-06-05 14:55:19,531 - Loaded System Directive: org.apache.velocity.runtime.directive.Macro
2018-06-05 14:55:19,531 - Loaded System Directive: org.apache.velocity.runtime.directive.Parse
2018-06-05 14:55:19,531 - Loaded System Directive: org.apache.velocity.runtime.directive.Parse
2018-06-05 14:55:19,531 - Loaded System Directive: org.apache.velocity.runtime.directive.Include
2018-06-05 14:55:19,531 - Loaded System Directive: org.apache.velocity.runtime.directive.Include
2018-06-05 14:55:19,531 - Loaded System Directive: org.apache.velocity.runtime.directive.Foreach
2018-06-05 14:55:19,531 - Loaded System Directive: org.apache.velocity.runtime.directive.Foreach
2018-06-05 14:55:19,532 - Created '20' parsers.
2018-06-05 14:55:19,532 - Created '20' parsers.
2018-06-05 14:55:19,532 - Velocimacro : "velocimacro.library" is not set.  Trying default library: VM_global_library.vm
2018-06-05 14:55:19,532 - Velocimacro : "velocimacro.library" is not set.  Trying default library: VM_global_library.vm
2018-06-05 14:55:19,533 - Could not load resource 'VM_global_library.vm' from ResourceLoader org.apache.velocity.runtime.resource.loader.ClasspathResourceLoader: ClasspathResourceLoader Error: cannot find resource VM_global_library.vm
2018-06-05 14:55:19,533 - Could not load resource 'VM_global_library.vm' from ResourceLoader org.apache.velocity.runtime.resource.loader.ClasspathResourceLoader: ClasspathResourceLoader Error: cannot find resource VM_global_library.vm
2018-06-05 14:55:19,533 - Velocimacro : Default library not found.
2018-06-05 14:55:19,533 - Velocimacro : Default library not found.
2018-06-05 14:55:19,533 - Velocimacro : allowInline = true : VMs can be defined inline in templates
2018-06-05 14:55:19,533 - Velocimacro : allowInline = true : VMs can be defined inline in templates
2018-06-05 14:55:19,533 - Velocimacro : allowInlineToOverride = false : VMs defined inline may NOT replace previous VM definitions
2018-06-05 14:55:19,533 - Velocimacro : allowInlineToOverride = false : VMs defined inline may NOT replace previous VM definitions
2018-06-05 14:55:19,533 - Velocimacro : allowInlineLocal = false : VMs defined inline will be global in scope if allowed.
2018-06-05 14:55:19,533 - Velocimacro : allowInlineLocal = false : VMs defined inline will be global in scope if allowed.
2018-06-05 14:55:19,533 - Velocimacro : autoload off : VM system will not automatically reload global library macros
2018-06-05 14:55:19,533 - Velocimacro : autoload off : VM system will not automatically reload global library macros
2018-06-05 14:55:19,536 - ResourceManager : found /templates/entity.java.vm with loader org.apache.velocity.runtime.resource.loader.ClasspathResourceLoader
2018-06-05 14:55:19,536 - ResourceManager : found /templates/entity.java.vm with loader org.apache.velocity.runtime.resource.loader.ClasspathResourceLoader
2018-06-05 14:55:19,538 - Left side (${versionFieldName}) of '==' operation has null value. If it is a reference, it may not be in the context or its toString() returned null. /templates/entity.java.vm[line 76, column 26]
2018-06-05 14:55:19,538 - Left side (${versionFieldName}) of '==' operation has null value. If it is a reference, it may not be in the context or its toString() returned null. /templates/entity.java.vm[line 76, column 26]
2018-06-05 14:55:19,538 - Left side (${logicDeleteFieldName}) of '==' operation has null value. If it is a reference, it may not be in the context or its toString() returned null. /templates/entity.java.vm[line 80, column 30]
2018-06-05 14:55:19,538 - Left side (${logicDeleteFieldName}) of '==' operation has null value. If it is a reference, it may not be in the context or its toString() returned null. /templates/entity.java.vm[line 80, column 30]
2018-06-05 14:55:19,539 - Left side (${versionFieldName}) of '==' operation has null value. If it is a reference, it may not be in the context or its toString() returned null. /templates/entity.java.vm[line 76, column 26]
2018-06-05 14:55:19,539 - Left side (${versionFieldName}) of '==' operation has null value. If it is a reference, it may not be in the context or its toString() returned null. /templates/entity.java.vm[line 76, column 26]
2018-06-05 14:55:19,539 - Left side (${logicDeleteFieldName}) of '==' operation has null value. If it is a reference, it may not be in the context or its toString() returned null. /templates/entity.java.vm[line 80, column 30]
2018-06-05 14:55:19,539 - Left side (${logicDeleteFieldName}) of '==' operation has null value. If it is a reference, it may not be in the context or its toString() returned null. /templates/entity.java.vm[line 80, column 30]
2018-06-05 14:55:19,539 - Left side (${versionFieldName}) of '==' operation has null value. If it is a reference, it may not be in the context or its toString() returned null. /templates/entity.java.vm[line 76, column 26]
2018-06-05 14:55:19,539 - Left side (${versionFieldName}) of '==' operation has null value. If it is a reference, it may not be in the context or its toString() returned null. /templates/entity.java.vm[line 76, column 26]
2018-06-05 14:55:19,539 - Left side (${logicDeleteFieldName}) of '==' operation has null value. If it is a reference, it may not be in the context or its toString() returned null. /templates/entity.java.vm[line 80, column 30]
2018-06-05 14:55:19,539 - Left side (${logicDeleteFieldName}) of '==' operation has null value. If it is a reference, it may not be in the context or its toString() returned null. /templates/entity.java.vm[line 80, column 30]
2018-06-05 14:55:19,539 - Left side (${versionFieldName}) of '==' operation has null value. If it is a reference, it may not be in the context or its toString() returned null. /templates/entity.java.vm[line 76, column 26]
2018-06-05 14:55:19,539 - Left side (${versionFieldName}) of '==' operation has null value. If it is a reference, it may not be in the context or its toString() returned null. /templates/entity.java.vm[line 76, column 26]
2018-06-05 14:55:19,539 - Left side (${logicDeleteFieldName}) of '==' operation has null value. If it is a reference, it may not be in the context or its toString() returned null. /templates/entity.java.vm[line 80, column 30]
2018-06-05 14:55:19,539 - Left side (${logicDeleteFieldName}) of '==' operation has null value. If it is a reference, it may not be in the context or its toString() returned null. /templates/entity.java.vm[line 80, column 30]
2018-06-05 14:55:19,539 - Left side (${versionFieldName}) of '==' operation has null value. If it is a reference, it may not be in the context or its toString() returned null. /templates/entity.java.vm[line 76, column 26]
2018-06-05 14:55:19,539 - Left side (${versionFieldName}) of '==' operation has null value. If it is a reference, it may not be in the context or its toString() returned null. /templates/entity.java.vm[line 76, column 26]
2018-06-05 14:55:19,539 - Left side (${logicDeleteFieldName}) of '==' operation has null value. If it is a reference, it may not be in the context or its toString() returned null. /templates/entity.java.vm[line 80, column 30]
2018-06-05 14:55:19,539 - Left side (${logicDeleteFieldName}) of '==' operation has null value. If it is a reference, it may not be in the context or its toString() returned null. /templates/entity.java.vm[line 80, column 30]
2018-06-05 14:55:19,539 - Left side (${versionFieldName}) of '==' operation has null value. If it is a reference, it may not be in the context or its toString() returned null. /templates/entity.java.vm[line 76, column 26]
2018-06-05 14:55:19,539 - Left side (${versionFieldName}) of '==' operation has null value. If it is a reference, it may not be in the context or its toString() returned null. /templates/entity.java.vm[line 76, column 26]
2018-06-05 14:55:19,539 - Left side (${logicDeleteFieldName}) of '==' operation has null value. If it is a reference, it may not be in the context or its toString() returned null. /templates/entity.java.vm[line 80, column 30]
2018-06-05 14:55:19,539 - Left side (${logicDeleteFieldName}) of '==' operation has null value. If it is a reference, it may not be in the context or its toString() returned null. /templates/entity.java.vm[line 80, column 30]
2018-06-05 14:55:19,539 - Left side (${versionFieldName}) of '==' operation has null value. If it is a reference, it may not be in the context or its toString() returned null. /templates/entity.java.vm[line 76, column 26]
2018-06-05 14:55:19,539 - Left side (${versionFieldName}) of '==' operation has null value. If it is a reference, it may not be in the context or its toString() returned null. /templates/entity.java.vm[line 76, column 26]
2018-06-05 14:55:19,539 - Left side (${logicDeleteFieldName}) of '==' operation has null value. If it is a reference, it may not be in the context or its toString() returned null. /templates/entity.java.vm[line 80, column 30]
2018-06-05 14:55:19,539 - Left side (${logicDeleteFieldName}) of '==' operation has null value. If it is a reference, it may not be in the context or its toString() returned null. /templates/entity.java.vm[line 80, column 30]
2018-06-05 14:55:19,547 - ResourceManager : found /templates/mapper.java.vm with loader org.apache.velocity.runtime.resource.loader.ClasspathResourceLoader
2018-06-05 14:55:19,547 - ResourceManager : found /templates/mapper.java.vm with loader org.apache.velocity.runtime.resource.loader.ClasspathResourceLoader
2018-06-05 14:55:19,554 - ResourceManager : found /templates/mapper.xml.vm with loader org.apache.velocity.runtime.resource.loader.ClasspathResourceLoader
2018-06-05 14:55:19,554 - ResourceManager : found /templates/mapper.xml.vm with loader org.apache.velocity.runtime.resource.loader.ClasspathResourceLoader
2018-06-05 14:55:19,560 - ResourceManager : found /templates/service.java.vm with loader org.apache.velocity.runtime.resource.loader.ClasspathResourceLoader
2018-06-05 14:55:19,560 - ResourceManager : found /templates/service.java.vm with loader org.apache.velocity.runtime.resource.loader.ClasspathResourceLoader
2018-06-05 14:55:19,566 - ResourceManager : found /templates/serviceImpl.java.vm with loader org.apache.velocity.runtime.resource.loader.ClasspathResourceLoader
2018-06-05 14:55:19,566 - ResourceManager : found /templates/serviceImpl.java.vm with loader org.apache.velocity.runtime.resource.loader.ClasspathResourceLoader
2018-06-05 14:55:19,572 - ResourceManager : found /templates/controller.java.vm with loader org.apache.velocity.runtime.resource.loader.ClasspathResourceLoader
2018-06-05 14:55:19,572 - ResourceManager : found /templates/controller.java.vm with loader org.apache.velocity.runtime.resource.loader.ClasspathResourceLoader
